[21out.2023 18:55:51.332] [main/INFO] [cpw.mods.modlauncher.Launcher/MODLAUNCHER]: ModLauncher running: args [--launchTarget, forgeserver, --fml.forgeVersion, 47.1.3, --fml.mcVersion, 1.20.1, --fml.forgeGroup, net.minecraftforge, --fml.mcpVersion, 20230612.114412, nogui]
[21out.2023 18:55:51.337] [main/INFO] [cpw.mods.modlauncher.Launcher/MODLAUNCHER]: ModLauncher 10.0.9+10.0.9+main.dcd20f30 starting: java version 18.0.2.1 by Eclipse Adoptium; OS Windows 10 arch amd64 version 10.0
[21out.2023 18:55:56.014] [main/INFO] [net.minecraftforge.fml.loading.ImmediateWindowHandler/]: ImmediateWindowProvider not loading because launch target is forgeserver
[21out.2023 18:55:56.024] [main/INFO] [mixin-transmog/]: Mixin Transmogrifier is definitely up to no good...
[21out.2023 18:55:56.040] [main/INFO] [mixin-transmog/]: crimes against java were committed
[21out.2023 18:55:56.066] [main/INFO] [mixin-transmog/]: Original mixin transformation service successfully crobbed by mixin-transmogrifier!
[21out.2023 18:55:56.113] [main/INFO] [mixin/]: SpongePowered MIXIN Subsystem Version=0.8.5 Source=union:/E:/Minecraft-servers/Prominence2/mods/Connector-1.0.0-beta.15+1.20.1-full.jar%23323!/ Service=ModLauncher Env=SERVER
[21out.2023 18:55:58.311] [main/WARN] [net.minecraftforge.fml.loading.moddiscovery.ModFileParser/LOADING]: Mod file E:\Minecraft-servers\Prominence2\libraries\net\minecraftforge\fmlcore\1.20.1-47.1.3\fmlcore-1.20.1-47.1.3.jar is missing mods.toml file
[21out.2023 18:55:58.328] [main/WARN] [net.minecraftforge.fml.loading.moddiscovery.ModFileParser/LOADING]: Mod file E:\Minecraft-servers\Prominence2\libraries\net\minecraftforge\javafmllanguage\1.20.1-47.1.3\javafmllanguage-1.20.1-47.1.3.jar is missing mods.toml file
[21out.2023 18:55:58.347] [main/WARN] [net.minecraftforge.fml.loading.moddiscovery.ModFileParser/LOADING]: Mod file E:\Minecraft-servers\Prominence2\libraries\net\minecraftforge\lowcodelanguage\1.20.1-47.1.3\lowcodelanguage-1.20.1-47.1.3.jar is missing mods.toml file
[21out.2023 18:55:58.369] [main/WARN] [net.minecraftforge.fml.loading.moddiscovery.ModFileParser/LOADING]: Mod file E:\Minecraft-servers\Prominence2\libraries\net\minecraftforge\mclanguage\1.20.1-47.1.3\mclanguage-1.20.1-47.1.3.jar is missing mods.toml file
[21out.2023 18:55:58.919] [main/WARN] [net.minecraftforge.jarjar.selection.JarSelector/]: Attempted to select a dependency jar for JarJar which was passed in as source: geckolib. Using Mod File: E:\Minecraft-servers\Prominence2\mods\geckolib-forge-1.20.1-4.2.2.jar
[21out.2023 18:55:58.920] [main/WARN] [net.minecraftforge.jarjar.selection.JarSelector/]: Attempted to select a dependency jar for JarJar which was passed in as source: curios. Using Mod File: E:\Minecraft-servers\Prominence2\mods\curios-forge-5.3.1+1.20.1.jar
[21out.2023 18:55:58.921] [main/WARN] [net.minecraftforge.jarjar.selection.JarSelector/]: Attempted to select a dependency jar for JarJar which was passed in as source: resourcefullib. Using Mod File: E:\Minecraft-servers\Prominence2\mods\resourcefullib-forge-1.20.1-2.1.11.jar
[21out.2023 18:55:58.924] [main/INFO] [net.minecraftforge.fml.loading.moddiscovery.JarInJarDependencyLocator/]: Found 74 dependencies adding them to mods collection
[21out.2023 18:56:01.769] [main/INFO] [dev.su5ed.sinytra.connector.locator.DependencyResolver/]: Dependency resolution found 2 candidates to load
[21out.2023 18:56:03.348] [main/ERROR] [net.minecraftforge.fml.loading.LanguageLoadingProvider/LOADING]: Missing language javafml version [48,) wanted by Chunk+Pregenerator-1.20.2-4.2.3.jar, found 47
[21out.2023 18:56:06.205] [main/INFO] [mixin/]: Compatibility level set to JAVA_17
[21out.2023 18:56:06.913] [main/INFO] [mixin/]: Successfully loaded Mixin Connector [com.sonicether.soundphysics.MixinConnector]
[21out.2023 18:56:06.915] [main/INFO] [mixin/]: Successfully loaded Mixin Connector [de.maxhenkel.miningdimension.mixin.MixinConnector]
[21out.2023 18:56:06.921] [main/ERROR] [dev.su5ed.sinytra.connector.loader.ConnectorEarlyLoader/]: Skipping early mod setup due to previous error
[21out.2023 18:56:06.922] [main/INFO] [cpw.mods.modlauncher.LaunchServiceHandler/MODLAUNCHER]: Launching target 'forgeserver' with arguments [nogui]
[21out.2023 18:56:07.039] [main/INFO] [ModernFix/]: Loaded configuration file for ModernFix 5.7.2+mc1.20.1: 20 options available, 1 override(s) found
[21out.2023 18:56:07.040] [main/WARN] [ModernFix/]: Option 'mixin.launch.class_search_cache' overriden (by load error) to 'false'
[21out.2023 18:56:07.047] [main/INFO] [ModernFix/]: Applying Nashorn fix
[21out.2023 18:56:07.061] [main/WARN] [ModernFix/]: Applying ATs from 123 mods despite being in errored state, this might cause a crash!
[21out.2023 18:56:07.255] [main/ERROR] [ModernFix/]: Failed to patch mixin memory leak
java.lang.NoSuchFieldException: NO_GROUP
	at java.lang.Class.getDeclaredField(Class.java:2642) ~[?:?]
	at org.embeddedt.modernfix.platform.forge.ModernFixPlatformHooksImpl.injectPlatformSpecificHacks(ModernFixPlatformHooksImpl.java:106) ~[modernfix-forge-5.7.2+mc1.20.1.jar%23454!/:5.7.2+mc1.20.1]
	at org.embeddedt.modernfix.core.ModernFixMixinPlugin.<init>(ModernFixMixinPlugin.java:71) ~[modernfix-forge-5.7.2+mc1.20.1.jar%23454!/:5.7.2+mc1.20.1]
	at jdk.internal.reflect.DirectConstructorHandleAccessor.newInstance(DirectConstructorHandleAccessor.java:67) ~[?:?]
	at java.lang.reflect.Constructor.newInstanceWithCaller(Constructor.java:499) ~[?:?]
	at java.lang.reflect.Constructor.newInstance(Constructor.java:483) ~[?:?]
	at io.github.steelwoolmc.shadow.spongepowered.asm.mixin.transformer.PluginHandle.<init>(PluginHandle.java:97) ~[Connector-1.0.0-beta.15+1.20.1-full.jar%23323!/:1.0.0-beta.15+1.20.1]
	at io.github.steelwoolmc.shadow.spongepowered.asm.mixin.transformer.MixinConfig.onSelect(MixinConfig.java:708) ~[Connector-1.0.0-beta.15+1.20.1-full.jar%23323!/:1.0.0-beta.15+1.20.1]
	at io.github.steelwoolmc.shadow.spongepowered.asm.mixin.transformer.MixinProcessor.selectConfigs(MixinProcessor.java:498) ~[Connector-1.0.0-beta.15+1.20.1-full.jar%23323!/:1.0.0-beta.15+1.20.1]
	at io.github.steelwoolmc.shadow.spongepowered.asm.mixin.transformer.MixinProcessor.select(MixinProcessor.java:460) ~[Connector-1.0.0-beta.15+1.20.1-full.jar%23323!/:1.0.0-beta.15+1.20.1]
	at io.github.steelwoolmc.shadow.spongepowered.asm.mixin.transformer.MixinProcessor.checkSelect(MixinProcessor.java:438) ~[Connector-1.0.0-beta.15+1.20.1-full.jar%23323!/:1.0.0-beta.15+1.20.1]
	at io.github.steelwoolmc.shadow.spongepowered.asm.mixin.transformer.MixinProcessor.applyMixins(MixinProcessor.java:290) ~[Connector-1.0.0-beta.15+1.20.1-full.jar%23323!/:1.0.0-beta.15+1.20.1]
	at io.github.steelwoolmc.shadow.spongepowered.asm.mixin.transformer.MixinTransformer.transformClass(MixinTransformer.java:250) ~[Connector-1.0.0-beta.15+1.20.1-full.jar%23323!/:1.0.0-beta.15+1.20.1]
	at io.github.steelwoolmc.shadow.spongepowered.asm.service.modlauncher.MixinTransformationHandler.processClass(MixinTransformationHandler.java:131) ~[Connector-1.0.0-beta.15+1.20.1-full.jar%23323!/:1.0.0-beta.15+1.20.1]
	at io.github.steelwoolmc.shadow.spongepowered.asm.launch.MixinLaunchPluginLegacy.processClass(MixinLaunchPluginLegacy.java:131) ~[Connector-1.0.0-beta.15+1.20.1-full.jar%23323!/:1.0.0-beta.15+1.20.1]
	at cpw.mods.modlauncher.serviceapi.ILaunchPluginService.processClassWithFlags(ILaunchPluginService.java:156) ~[modlauncher-10.0.9.jar%2355!/:10.0.9+10.0.9+main.dcd20f30]
	at cpw.mods.modlauncher.LaunchPluginHandler.offerClassNodeToPlugins(LaunchPluginHandler.java:88) ~[modlauncher-10.0.9.jar%2355!/:?]
	at cpw.mods.modlauncher.ClassTransformer.transform(ClassTransformer.java:120) ~[modlauncher-10.0.9.jar%2355!/:?]
	at cpw.mods.modlauncher.TransformingClassLoader.maybeTransformClassBytes(TransformingClassLoader.java:50) ~[modlauncher-10.0.9.jar%2355!/:?]
	at cpw.mods.cl.ModuleClassLoader.readerToClass(ModuleClassLoader.java:113) ~[securejarhandler-2.1.10.jar:?]
	at cpw.mods.cl.ModuleClassLoader.lambda$findClass$15(ModuleClassLoader.java:219) ~[securejarhandler-2.1.10.jar:?]
	at cpw.mods.cl.ModuleClassLoader.loadFromModule(ModuleClassLoader.java:229) ~[securejarhandler-2.1.10.jar:?]
	at cpw.mods.cl.ModuleClassLoader.findClass(ModuleClassLoader.java:219) ~[securejarhandler-2.1.10.jar:?]
	at java.lang.ClassLoader.loadClass(ClassLoader.java:633) ~[?:?]
	at java.lang.Class.forName(Class.java:577) ~[?:?]
	at java.lang.Class.forName(Class.java:552) ~[?:?]
	at net.minecraftforge.fml.loading.ImmediateWindowHandler$DummyProvider.lambda$updateModuleReads$1(ImmediateWindowHandler.java:145) ~[fmlloader-1.20.1-47.1.3.jar%2369!/:1.0]
	at java.util.Optional.map(Optional.java:260) ~[?:?]
	at net.minecraftforge.fml.loading.ImmediateWindowHandler$DummyProvider.updateModuleReads(ImmediateWindowHandler.java:145) ~[fmlloader-1.20.1-47.1.3.jar%2369!/:1.0]
	at net.minecraftforge.fml.loading.ImmediateWindowHandler.acceptGameLayer(ImmediateWindowHandler.java:71) ~[fmlloader-1.20.1-47.1.3.jar%2369!/:1.0]
	at net.minecraftforge.fml.loading.FMLLoader.beforeStart(FMLLoader.java:207) ~[fmlloader-1.20.1-47.1.3.jar%2369!/:1.0]
	at net.minecraftforge.fml.loading.targets.CommonLaunchHandler.launchService(CommonLaunchHandler.java:92) ~[fmlloader-1.20.1-47.1.3.jar%2369!/:?]
	at cpw.mods.modlauncher.LaunchServiceHandlerDecorator.launch(LaunchServiceHandlerDecorator.java:30) ~[modlauncher-10.0.9.jar%2355!/:?]
	at cpw.mods.modlauncher.LaunchServiceHandler.launch(LaunchServiceHandler.java:53) ~[modlauncher-10.0.9.jar%2355!/:?]
	at cpw.mods.modlauncher.LaunchServiceHandler.launch(LaunchServiceHandler.java:71) ~[modlauncher-10.0.9.jar%2355!/:?]
	at cpw.mods.modlauncher.Launcher.run(Launcher.java:108) ~[modlauncher-10.0.9.jar%2355!/:?]
	at cpw.mods.modlauncher.Launcher.main(Launcher.java:78) ~[modlauncher-10.0.9.jar%2355!/:?]
	at cpw.mods.modlauncher.BootstrapLaunchConsumer.accept(BootstrapLaunchConsumer.java:26) ~[modlauncher-10.0.9.jar%2355!/:?]
	at cpw.mods.modlauncher.BootstrapLaunchConsumer.accept(BootstrapLaunchConsumer.java:23) ~[modlauncher-10.0.9.jar%2355!/:?]
	at cpw.mods.bootstraplauncher.BootstrapLauncher.main(BootstrapLauncher.java:141) ~[bootstraplauncher-1.1.2.jar:?]
[21out.2023 18:56:07.281] [main/INFO] [ModernFix/]: Applied Forge config corruption patch
[21out.2023 18:56:07.351] [main/WARN] [mixin/]: Reference map 'lmft-forge-refmap.json' for lmft.mixins.json could not be read. If this is a development environment you can ignore this message
[21out.2023 18:56:07.394] [main/WARN] [mixin/]: Reference map 'yungsextras.refmap.json' for yungsextras.mixins.json could not be read. If this is a development environment you can ignore this message
[21out.2023 18:56:07.398] [main/WARN] [mixin/]: Reference map 'yungsextras.refmap.json' for yungsextras_forge.mixins.json could not be read. If this is a development environment you can ignore this message
[21out.2023 18:56:07.499] [main/WARN] [mixin/]: Reference map 'ysnsforge.refmap.json' for ysns.mixins.json could not be read. If this is a development environment you can ignore this message
[21out.2023 18:56:07.515] [main/WARN] [mixin/]: Reference map 'nitrogen_internals.refmap.json' for nitrogen_internals.mixins.json could not be read. If this is a development environment you can ignore this message
[21out.2023 18:56:07.561] [main/WARN] [mixin/]: Reference map 'graveyard-FORGE-forge-refmap.json' for graveyard-forge.mixins.json could not be read. If this is a development environment you can ignore this message
[21out.2023 18:56:07.569] [main/WARN] [mixin/]: Reference map 'epicsamurai.mixins.refmap.json' for epicsamurai.mixins.json could not be read. If this is a development environment you can ignore this message
[21out.2023 18:56:07.687] [main/WARN] [CanaryConfig/]: No configuration key exists with name 'mixin.block.hopper', ignoring
[21out.2023 18:56:07.692] [main/INFO] [Canary/]: Loaded configuration file for Canary: 123 options available, 1 override(s) found
[21out.2023 18:56:07.727] [main/WARN] [mixin/]: Reference map 'Aquamirae.refmap.json' for aquamirae.mixins.json could not be read. If this is a development environment you can ignore this message
[21out.2023 18:56:07.739] [main/WARN] [mixin/]: Reference map 'cristellib-forge-refmap.json' for cristellib.mixins.json could not be read. If this is a development environment you can ignore this message
[21out.2023 18:56:07.829] [main/WARN] [mixin/]: Reference map 'dummmmmmy-forge-refmap.json' for dummmmmmy.mixins.json could not be read. If this is a development environment you can ignore this message
[21out.2023 18:56:07.887] [main/WARN] [mixin/]: Reference map 'trashslot.refmap.json' for trashslot.mixins.json could not be read. If this is a development environment you can ignore this message
[21out.2023 18:56:07.947] [main/WARN] [mixin/]: Reference map 'simplyswords-common-refmap.json' for simplyswords-common.mixins.json could not be read. If this is a development environment you can ignore this message
[21out.2023 18:56:07.950] [main/WARN] [mixin/]: Reference map 'simplyswords-forge-refmap.json' for simplyswords.mixins.json could not be read. If this is a development environment you can ignore this message
[21out.2023 18:56:07.985] [main/WARN] [mixin/]: Reference map 'mes-forge-refmap.json' for mes-forge.mixins.json could not be read. If this is a development environment you can ignore this message
[21out.2023 18:56:08.008] [main/WARN] [mixin/]: Reference map 'modonomicon.refmap.json' for modonomicon.mixins.json could not be read. If this is a development environment you can ignore this message
[21out.2023 18:56:08.011] [main/WARN] [mixin/]: Reference map 'modonomicon.refmap.json' for modonomicon.forge.mixins.json could not be read. If this is a development environment you can ignore this message
[21out.2023 18:56:08.513] [main/WARN] [mixin/]: Error loading class: me/shedaniel/rei/RoughlyEnoughItemsCore (java.lang.ClassNotFoundException: me.shedaniel.rei.RoughlyEnoughItemsCore)
[21out.2023 18:56:08.514] [main/WARN] [mixin/]: @Mixin target me.shedaniel.rei.RoughlyEnoughItemsCore was not found mixins.reibridge.json:RoughlyEnoughItemsCoreMixin from mod (unknown)
[21out.2023 18:56:08.583] [main/ERROR] [net.minecraftforge.fml.loading.RuntimeDistCleaner/DISTXFORM]: Attempted to load class net/minecraft/client/MouseHandler for invalid dist DEDICATED_SERVER
[21out.2023 18:56:08.583] [main/WARN] [mixin/]: Error loading class: net/minecraft/client/MouseHandler (java.lang.RuntimeException: Attempted to load class net/minecraft/client/MouseHandler for invalid dist DEDICATED_SERVER)
[21out.2023 18:56:08.585] [main/WARN] [mixin/]: @Mixin target net.minecraft.client.MouseHandler was not found fabric-screen-api-v1.mixins.json:MouseMixin from mod (unknown)
[21out.2023 18:56:08.588] [main/ERROR] [net.minecraftforge.fml.loading.RuntimeDistCleaner/DISTXFORM]: Attempted to load class net/minecraft/client/gui/screens/Screen for invalid dist DEDICATED_SERVER
[21out.2023 18:56:08.588] [main/WARN] [mixin/]: Error loading class: net/minecraft/client/gui/screens/Screen (java.lang.RuntimeException: Attempted to load class net/minecraft/client/gui/screens/Screen for invalid dist DEDICATED_SERVER)
[21out.2023 18:56:08.589] [main/WARN] [mixin/]: @Mixin target net.minecraft.client.gui.screens.Screen was not found fabric-screen-api-v1.mixins.json:ScreenAccessor from mod (unknown)
[21out.2023 18:56:08.776] [main/ERROR] [net.minecraftforge.fml.loading.RuntimeDistCleaner/DISTXFORM]: Attempted to load class vectorwing/farmersdelight/client/renderer/CanvasSignRenderer for invalid dist DEDICATED_SERVER
[21out.2023 18:56:08.776] [main/WARN] [mixin/]: Error loading class: vectorwing/farmersdelight/client/renderer/CanvasSignRenderer (java.lang.RuntimeException: Attempted to load class vectorwing/farmersdelight/client/renderer/CanvasSignRenderer for invalid dist DEDICATED_SERVER)
[21out.2023 18:56:09.009] [main/WARN] [mixin/]: Error loading class: dev/latvian/mods/kubejs/recipe/RecipesEventJS (java.lang.ClassNotFoundException: dev.latvian.mods.kubejs.recipe.RecipesEventJS)
[21out.2023 18:56:09.009] [main/WARN] [mixin/]: @Mixin target dev.latvian.mods.kubejs.recipe.RecipesEventJS was not found sliceanddice.mixins.json:RecipeEventJSMixin from mod (unknown)
[21out.2023 18:56:09.054] [main/ERROR] [net.minecraftforge.fml.loading.RuntimeDistCleaner/DISTXFORM]: Attempted to load class net/minecraft/client/renderer/FogRenderer for invalid dist DEDICATED_SERVER
[21out.2023 18:56:09.055] [main/WARN] [mixin/]: Error loading class: net/minecraft/client/renderer/FogRenderer (java.lang.RuntimeException: Attempted to load class net/minecraft/client/renderer/FogRenderer for invalid dist DEDICATED_SERVER)
[21out.2023 18:56:09.056] [main/WARN] [mixin/]: @Mixin target net.minecraft.client.renderer.FogRenderer was not found shield_overhaul.mixins.json:BackgroundRendererMixin from mod (unknown)
[21out.2023 18:56:09.058] [main/ERROR] [net.minecraftforge.fml.loading.RuntimeDistCleaner/DISTXFORM]: Attempted to load class net/minecraft/client/player/AbstractClientPlayer for invalid dist DEDICATED_SERVER
[21out.2023 18:56:09.058] [main/WARN] [mixin/]: Error loading class: net/minecraft/client/player/AbstractClientPlayer (java.lang.RuntimeException: Attempted to load class net/minecraft/client/player/AbstractClientPlayer for invalid dist DEDICATED_SERVER)
[21out.2023 18:56:09.059] [main/WARN] [mixin/]: @Mixin target net.minecraft.client.player.AbstractClientPlayer was not found shield_overhaul.mixins.json:ClientPlayerEntityMixin from mod (unknown)
[21out.2023 18:56:09.082] [main/WARN] [mixin/]: Error loading class: net/minecraft/client/gui/screens/ShareToLanScreen (java.lang.ClassNotFoundException: net.minecraft.client.gui.screens.ShareToLanScreen)
[21out.2023 18:56:09.083] [main/WARN] [mixin/]: @Mixin target net.minecraft.client.gui.screens.ShareToLanScreen was not found luna.mixins.json:LANMixin from mod (unknown)
[21out.2023 18:56:09.098] [main/WARN] [Canary/]: Force-disabling mixin 'ai.poi.tasks.RaiderMoveThroughVillageGoalMixin' as rule 'mixin.ai.poi' (added by user configuration) disables it and children
[21out.2023 18:56:09.326] [main/INFO] [com.cupboard.Cupboard/]: Loaded config for: structureessentials.json
[21out.2023 18:56:09.332] [main/WARN] [mixin/]: Error loading class: net/minecraft/client/gui/components/ChatComponent (java.lang.ClassNotFoundException: net.minecraft.client.gui.components.ChatComponent)
[21out.2023 18:56:09.332] [main/WARN] [mixin/]: @Mixin target net.minecraft.client.gui.components.ChatComponent was not found placebo.mixins.json:ChatComponentMixin from mod (unknown)
[21out.2023 18:56:09.453] [main/WARN] [mixin/]: Error loading class: de/maxhenkel/voicechat/plugins/impl/audiochannel/EntityAudioChannelImpl (java.lang.ClassNotFoundException: de.maxhenkel.voicechat.plugins.impl.audiochannel.EntityAudioChannelImpl)
[21out.2023 18:56:09.454] [main/WARN] [mixin/]: @Mixin target de.maxhenkel.voicechat.plugins.impl.audiochannel.EntityAudioChannelImpl was not found railways-common.mixins.json:compat.voicechat.EntityAudioChannelImplMixin from mod (unknown)
[21out.2023 18:56:09.458] [main/WARN] [mixin/]: Error loading class: de/maxhenkel/voicechat/voice/server/Server (java.lang.ClassNotFoundException: de.maxhenkel.voicechat.voice.server.Server)
[21out.2023 18:56:09.459] [main/WARN] [mixin/]: @Mixin target de.maxhenkel.voicechat.voice.server.Server was not found railways-common.mixins.json:compat.voicechat.ServerMixin from mod (unknown)
[21out.2023 18:56:09.462] [main/WARN] [mixin/]: Error loading class: de/maxhenkel/voicechat/voice/server/ServerWorldUtils (java.lang.ClassNotFoundException: de.maxhenkel.voicechat.voice.server.ServerWorldUtils)
[21out.2023 18:56:09.463] [main/WARN] [mixin/]: @Mixin target de.maxhenkel.voicechat.voice.server.ServerWorldUtils was not found railways-common.mixins.json:compat.voicechat.ServerWorldUtilsMixin from mod (unknown)
[21out.2023 18:56:09.521] [main/WARN] [mixin/]: Error loading class: net/minecraft/client/renderer/entity/PhantomRenderer (java.lang.ClassNotFoundException: net.minecraft.client.renderer.entity.PhantomRenderer)
[21out.2023 18:56:09.522] [main/WARN] [mixin/]: @Mixin target net.minecraft.client.renderer.entity.PhantomRenderer was not found mixins.deeperdarker.json:PhantomRendererMixin from mod (unknown)
[21out.2023 18:56:09.528] [main/ERROR] [net.minecraftforge.fml.loading.RuntimeDistCleaner/DISTXFORM]: Attempted to load class net/minecraft/client/gui/screens/multiplayer/ServerSelectionList for invalid dist DEDICATED_SERVER
[21out.2023 18:56:09.528] [main/WARN] [mixin/]: Error loading class: net/minecraft/client/gui/screens/multiplayer/ServerSelectionList (java.lang.RuntimeException: Attempted to load class net/minecraft/client/gui/screens/multiplayer/ServerSelectionList for invalid dist DEDICATED_SERVER)
[21out.2023 18:56:09.528] [main/WARN] [mixin/]: @Mixin target net.minecraft.client.gui.screens.multiplayer.ServerSelectionList was not found serverbrowser.mixins.json:ServerSelectionMixin from mod (unknown)
[21out.2023 18:56:09.596] [main/WARN] [mixin/]: Error loading class: vazkii/quark/addons/oddities/inventory/BackpackMenu (java.lang.ClassNotFoundException: vazkii.quark.addons.oddities.inventory.BackpackMenu)
[21out.2023 18:56:09.598] [main/WARN] [mixin/]: Error loading class: net/minecraft/client/gui/screens/inventory/CraftingScreen (java.lang.ClassNotFoundException: net.minecraft.client.gui.screens.inventory.CraftingScreen)
[21out.2023 18:56:09.600] [main/WARN] [mixin/]: @Mixin target net.minecraft.client.gui.screens.inventory.CraftingScreen was not found fastbench.mixins.json:MixinCraftingScreen from mod (unknown)
[21out.2023 18:56:09.620] [main/WARN] [mixin/]: Error loading class: dev/emi/emi/platform/forge/EmiAgnosForge (java.lang.ClassNotFoundException: dev.emi.emi.platform.forge.EmiAgnosForge)
[21out.2023 18:56:09.620] [main/WARN] [mixin/]: @Mixin target dev.emi.emi.platform.forge.EmiAgnosForge was not found mixins.emibridge.json:EmiAgnosForgeMixin from mod (unknown)
[21out.2023 18:56:09.621] [main/ERROR] [net.minecraftforge.fml.loading.RuntimeDistCleaner/DISTXFORM]: Attempted to load class net/minecraft/client/main/Main for invalid dist DEDICATED_SERVER
[21out.2023 18:56:09.622] [main/WARN] [mixin/]: Error loading class: net/minecraft/client/main/Main (java.lang.RuntimeException: Attempted to load class net/minecraft/client/main/Main for invalid dist DEDICATED_SERVER)
[21out.2023 18:56:09.622] [main/WARN] [mixin/]: @Mixin target net.minecraft.client.main.Main was not found mixins.emibridge.json:MainEntrypointMixin from mod (unknown)
[21out.2023 18:56:09.723] [main/ERROR] [net.minecraftforge.fml.loading.RuntimeDistCleaner/DISTXFORM]: Attempted to load class vectorwing/farmersdelight/client/renderer/CanvasSignRenderer for invalid dist DEDICATED_SERVER
[21out.2023 18:56:09.723] [main/WARN] [mixin/]: Error loading class: vectorwing/farmersdelight/client/renderer/CanvasSignRenderer (java.lang.RuntimeException: Attempted to load class vectorwing/farmersdelight/client/renderer/CanvasSignRenderer for invalid dist DEDICATED_SERVER)
[21out.2023 18:56:09.725] [main/WARN] [mixin/]: Error loading class: net/minecraft/client/renderer/blockentity/SignRenderer (java.lang.ClassNotFoundException: net.minecraft.client.renderer.blockentity.SignRenderer)
[21out.2023 18:56:09.726] [main/ERROR] [mixin/]: Cannot invoke "io.github.steelwoolmc.shadow.spongepowered.asm.mixin.transformer.ClassInfo.isMixin()" because "superClass" is null
java.lang.NullPointerException: Cannot invoke "io.github.steelwoolmc.shadow.spongepowered.asm.mixin.transformer.ClassInfo.isMixin()" because "superClass" is null
	at io.github.steelwoolmc.shadow.spongepowered.asm.mixin.transformer.MixinInfo$SubType$Standard.validate(MixinInfo.java:582) ~[Connector-1.0.0-beta.15+1.20.1-full.jar%23323!/:1.0.0-beta.15+1.20.1]
	at io.github.steelwoolmc.shadow.spongepowered.asm.mixin.transformer.MixinInfo$State.validate(MixinInfo.java:328) ~[Connector-1.0.0-beta.15+1.20.1-full.jar%23323!/:1.0.0-beta.15+1.20.1]
	at io.github.steelwoolmc.shadow.spongepowered.asm.mixin.transformer.MixinInfo.validate(MixinInfo.java:914) ~[Connector-1.0.0-beta.15+1.20.1-full.jar%23323!/:1.0.0-beta.15+1.20.1]
	at io.github.steelwoolmc.shadow.spongepowered.asm.mixin.transformer.MixinConfig.postInitialise(MixinConfig.java:803) ~[Connector-1.0.0-beta.15+1.20.1-full.jar%23323!/:1.0.0-beta.15+1.20.1]
	at io.github.steelwoolmc.shadow.spongepowered.asm.mixin.transformer.MixinProcessor.prepareConfigs(MixinProcessor.java:568) ~[Connector-1.0.0-beta.15+1.20.1-full.jar%23323!/:1.0.0-beta.15+1.20.1]
	at io.github.steelwoolmc.shadow.spongepowered.asm.mixin.transformer.MixinProcessor.select(MixinProcessor.java:462) ~[Connector-1.0.0-beta.15+1.20.1-full.jar%23323!/:1.0.0-beta.15+1.20.1]
	at io.github.steelwoolmc.shadow.spongepowered.asm.mixin.transformer.MixinProcessor.checkSelect(MixinProcessor.java:438) ~[Connector-1.0.0-beta.15+1.20.1-full.jar%23323!/:1.0.0-beta.15+1.20.1]
	at io.github.steelwoolmc.shadow.spongepowered.asm.mixin.transformer.MixinProcessor.applyMixins(MixinProcessor.java:290) ~[Connector-1.0.0-beta.15+1.20.1-full.jar%23323!/:1.0.0-beta.15+1.20.1]
	at io.github.steelwoolmc.shadow.spongepowered.asm.mixin.transformer.MixinTransformer.transformClass(MixinTransformer.java:250) ~[Connector-1.0.0-beta.15+1.20.1-full.jar%23323!/:1.0.0-beta.15+1.20.1]
	at io.github.steelwoolmc.shadow.spongepowered.asm.service.modlauncher.MixinTransformationHandler.processClass(MixinTransformationHandler.java:131) ~[Connector-1.0.0-beta.15+1.20.1-full.jar%23323!/:1.0.0-beta.15+1.20.1]
	at io.github.steelwoolmc.shadow.spongepowered.asm.launch.MixinLaunchPluginLegacy.processClass(MixinLaunchPluginLegacy.java:131) ~[Connector-1.0.0-beta.15+1.20.1-full.jar%23323!/:1.0.0-beta.15+1.20.1]
	at cpw.mods.modlauncher.serviceapi.ILaunchPluginService.processClassWithFlags(ILaunchPluginService.java:156) ~[modlauncher-10.0.9.jar%2355!/:10.0.9+10.0.9+main.dcd20f30]
	at cpw.mods.modlauncher.LaunchPluginHandler.offerClassNodeToPlugins(LaunchPluginHandler.java:88) ~[modlauncher-10.0.9.jar%2355!/:?]
	at cpw.mods.modlauncher.ClassTransformer.transform(ClassTransformer.java:120) ~[modlauncher-10.0.9.jar%2355!/:?]
	at cpw.mods.modlauncher.TransformingClassLoader.maybeTransformClassBytes(TransformingClassLoader.java:50) ~[modlauncher-10.0.9.jar%2355!/:?]
	at cpw.mods.cl.ModuleClassLoader.readerToClass(ModuleClassLoader.java:113) ~[securejarhandler-2.1.10.jar:?]
	at cpw.mods.cl.ModuleClassLoader.lambda$findClass$15(ModuleClassLoader.java:219) ~[securejarhandler-2.1.10.jar:?]
	at cpw.mods.cl.ModuleClassLoader.loadFromModule(ModuleClassLoader.java:229) ~[securejarhandler-2.1.10.jar:?]
	at cpw.mods.cl.ModuleClassLoader.findClass(ModuleClassLoader.java:219) ~[securejarhandler-2.1.10.jar:?]
	at java.lang.ClassLoader.loadClass(ClassLoader.java:633) ~[?:?]
	at java.lang.Class.forName(Class.java:577) ~[?:?]
	at java.lang.Class.forName(Class.java:552) ~[?:?]
	at net.minecraftforge.fml.loading.ImmediateWindowHandler$DummyProvider.lambda$updateModuleReads$1(ImmediateWindowHandler.java:145) ~[fmlloader-1.20.1-47.1.3.jar%2369!/:1.0]
	at java.util.Optional.map(Optional.java:260) ~[?:?]
	at net.minecraftforge.fml.loading.ImmediateWindowHandler$DummyProvider.updateModuleReads(ImmediateWindowHandler.java:145) ~[fmlloader-1.20.1-47.1.3.jar%2369!/:1.0]
	at net.minecraftforge.fml.loading.ImmediateWindowHandler.acceptGameLayer(ImmediateWindowHandler.java:71) ~[fmlloader-1.20.1-47.1.3.jar%2369!/:1.0]
	at net.minecraftforge.fml.loading.FMLLoader.beforeStart(FMLLoader.java:207) ~[fmlloader-1.20.1-47.1.3.jar%2369!/:1.0]
	at net.minecraftforge.fml.loading.targets.CommonLaunchHandler.launchService(CommonLaunchHandler.java:92) ~[fmlloader-1.20.1-47.1.3.jar%2369!/:?]
	at cpw.mods.modlauncher.LaunchServiceHandlerDecorator.launch(LaunchServiceHandlerDecorator.java:30) ~[modlauncher-10.0.9.jar%2355!/:?]
	at cpw.mods.modlauncher.LaunchServiceHandler.launch(LaunchServiceHandler.java:53) ~[modlauncher-10.0.9.jar%2355!/:?]
	at cpw.mods.modlauncher.LaunchServiceHandler.launch(LaunchServiceHandler.java:71) ~[modlauncher-10.0.9.jar%2355!/:?]
	at cpw.mods.modlauncher.Launcher.run(Launcher.java:108) ~[modlauncher-10.0.9.jar%2355!/:?]
	at cpw.mods.modlauncher.Launcher.main(Launcher.java:78) ~[modlauncher-10.0.9.jar%2355!/:?]
	at cpw.mods.modlauncher.BootstrapLaunchConsumer.accept(BootstrapLaunchConsumer.java:26) ~[modlauncher-10.0.9.jar%2355!/:?]
	at cpw.mods.modlauncher.BootstrapLaunchConsumer.accept(BootstrapLaunchConsumer.java:23) ~[modlauncher-10.0.9.jar%2355!/:?]
	at cpw.mods.bootstraplauncher.BootstrapLauncher.main(BootstrapLauncher.java:141) ~[bootstraplauncher-1.1.2.jar:?]
[21out.2023 18:56:09.930] [main/ERROR] [net.minecraftforge.fml.loading.RuntimeDistCleaner/DISTXFORM]: Attempted to load class net/minecraft/client/main/Main for invalid dist DEDICATED_SERVER
[21out.2023 18:56:09.931] [main/WARN] [mixin/]: Error loading class: net/minecraft/client/main/Main (java.lang.RuntimeException: Attempted to load class net/minecraft/client/main/Main for invalid dist DEDICATED_SERVER)
[21out.2023 18:56:09.935] [main/ERROR] [net.minecraftforge.fml.loading.RuntimeDistCleaner/DISTXFORM]: Attempted to load class net/minecraft/client/main/Main for invalid dist DEDICATED_SERVER
[21out.2023 18:56:09.936] [main/WARN] [mixin/]: Error loading class: net/minecraft/client/main/Main (java.lang.RuntimeException: Attempted to load class net/minecraft/client/main/Main for invalid dist DEDICATED_SERVER)
[21out.2023 18:56:09.958] [main/INFO] [MixinExtras|Service/]: Initializing MixinExtras via com.llamalad7.mixinextras.service.MixinExtrasServiceImpl(version=0.2.0-beta.10).
[21out.2023 18:56:10.001] [main/ERROR] [net.minecraftforge.fml.loading.RuntimeDistCleaner/DISTXFORM]: Attempted to load class net/minecraft/client/main/Main for invalid dist DEDICATED_SERVER
[21out.2023 18:56:10.002] [main/WARN] [mixin/]: Error loading class: net/minecraft/client/main/Main (java.lang.RuntimeException: Attempted to load class net/minecraft/client/main/Main for invalid dist DEDICATED_SERVER)
[21out.2023 18:56:10.164] [main/INFO] [mixin/]: Mixing server.MixinDedicatedServer from mixins/common/nochatreports.mixins.json into net.minecraft.server.dedicated.DedicatedServer
[21out.2023 18:56:11.620] [main/INFO] [mixin/]: Mixing common.MixinFriendlyByteBuf from mixins/common/nochatreports.mixins.json into net.minecraft.network.FriendlyByteBuf
[21out.2023 18:56:11.621] [main/INFO] [mixin/]: Renaming synthetic method lambda$onWriteJsonWithCodec$1(Ljava/lang/Object;Ljava/lang/String;)Lio/netty/handler/codec/EncoderException; to mde69974$lambda$onWriteJsonWithCodec$1$0 in mixins/common/nochatreports.mixins.json:common.MixinFriendlyByteBuf from mod (unknown)
[21out.2023 18:56:11.623] [main/INFO] [mixin/]: Renaming synthetic method lambda$onReadJsonWithCodec$0(Ljava/lang/String;)Lio/netty/handler/codec/DecoderException; to mde69974$lambda$onReadJsonWithCodec$0$1 in mixins/common/nochatreports.mixins.json:common.MixinFriendlyByteBuf from mod (unknown)
[21out.2023 18:56:16.118] [main/INFO] [mixin/]: Mixing server.MixinServerGamePacketListenerImpl from mixins/common/nochatreports.mixins.json into net.minecraft.server.network.ServerGamePacketListenerImpl
[21out.2023 18:56:17.675] [main/ERROR] [dev.su5ed.sinytra.connector.mod.ConnectorLoader/]: Skipping early mod loading due to previous error
[21out.2023 18:56:17.716] [main/FATAL] [net.minecraftforge.fml.ModLoader/CORE]: Error during pre-loading phase
net.minecraftforge.fml.ModLoadingException: Mod File Chunk+Pregenerator-1.20.2-4.2.3.jar needs language provider javafml:48 or above to load
ยง7We have found 47
	at net.minecraftforge.fml.ModLoadingException.lambda$fromEarlyException$0(ModLoadingException.java:50) ~[fmlcore-1.20.1-47.1.3.jar%23551!/:?]
	at java.util.stream.ReferencePipeline$3$1.accept(ReferencePipeline.java:197) ~[?:?]
	at java.util.AbstractList$RandomAccessSpliterator.forEachRemaining(AbstractList.java:720) ~[?:?]
	at java.util.stream.AbstractPipeline.copyInto(AbstractPipeline.java:509) ~[?:?]
	at java.util.stream.AbstractPipeline.wrapAndCopyInto(AbstractPipeline.java:499) ~[?:?]
	at java.util.stream.ForEachOps$ForEachOp.evaluateSequential(ForEachOps.java:150) ~[?:?]
	at java.util.stream.ForEachOps$ForEachOp$OfRef.evaluateSequential(ForEachOps.java:173) ~[?:?]
	at java.util.stream.AbstractPipeline.evaluate(AbstractPipeline.java:234) ~[?:?]
	at java.util.stream.ReferencePipeline.forEach(ReferencePipeline.java:596) ~[?:?]
	at java.util.stream.ReferencePipeline$7$1.accept(ReferencePipeline.java:276) ~[?:?]
	at java.util.ArrayList$ArrayListSpliterator.forEachRemaining(ArrayList.java:1625) ~[?:?]
	at java.util.stream.AbstractPipeline.copyInto(AbstractPipeline.java:509) ~[?:?]
	at java.util.stream.AbstractPipeline.wrapAndCopyInto(AbstractPipeline.java:499) ~[?:?]
	at java.util.stream.ReduceOps$ReduceOp.evaluateSequential(ReduceOps.java:921) ~[?:?]
	at java.util.stream.AbstractPipeline.evaluate(AbstractPipeline.java:234) ~[?:?]
	at java.util.stream.ReferencePipeline.collect(ReferencePipeline.java:682) ~[?:?]
	at net.minecraftforge.fml.ModLoader.<init>(ModLoader.java:96) ~[fmlcore-1.20.1-47.1.3.jar%23551!/:?]
	at net.minecraftforge.fml.ModLoader.get(ModLoader.java:128) ~[fmlcore-1.20.1-47.1.3.jar%23551!/:?]
	at net.minecraftforge.server.loading.ServerModLoader.load(ServerModLoader.java:32) ~[forge-1.20.1-47.1.3-universal.jar%23555!/:?]
	at net.minecraft.server.Main.main(Main.java:125) ~[server-1.20.1-20230612.114412-srg.jar%23550!/:?]
	at jdk.internal.reflect.DirectMethodHandleAccessor.invoke(DirectMethodHandleAccessor.java:104) ~[?:?]
	at java.lang.reflect.Method.invoke(Method.java:577) ~[?:?]
	at net.minecraftforge.fml.loading.targets.CommonLaunchHandler.runTarget(CommonLaunchHandler.java:111) ~[fmlloader-1.20.1-47.1.3.jar%2369!/:?]
	at net.minecraftforge.fml.loading.targets.CommonLaunchHandler.serverService(CommonLaunchHandler.java:103) ~[fmlloader-1.20.1-47.1.3.jar%2369!/:?]
	at net.minecraftforge.fml.loading.targets.CommonServerLaunchHandler.lambda$makeService$0(CommonServerLaunchHandler.java:27) ~[fmlloader-1.20.1-47.1.3.jar%2369!/:?]
	at cpw.mods.modlauncher.LaunchServiceHandlerDecorator.launch(LaunchServiceHandlerDecorator.java:30) ~[modlauncher-10.0.9.jar%2355!/:?]
	at cpw.mods.modlauncher.LaunchServiceHandler.launch(LaunchServiceHandler.java:53) ~[modlauncher-10.0.9.jar%2355!/:?]
	at cpw.mods.modlauncher.LaunchServiceHandler.launch(LaunchServiceHandler.java:71) ~[modlauncher-10.0.9.jar%2355!/:?]
	at cpw.mods.modlauncher.Launcher.run(Launcher.java:108) ~[modlauncher-10.0.9.jar%2355!/:?]
	at cpw.mods.modlauncher.Launcher.main(Launcher.java:78) ~[modlauncher-10.0.9.jar%2355!/:?]
	at cpw.mods.modlauncher.BootstrapLaunchConsumer.accept(BootstrapLaunchConsumer.java:26) ~[modlauncher-10.0.9.jar%2355!/:?]
	at cpw.mods.modlauncher.BootstrapLaunchConsumer.accept(BootstrapLaunchConsumer.java:23) ~[modlauncher-10.0.9.jar%2355!/:?]
	at cpw.mods.bootstraplauncher.BootstrapLauncher.main(BootstrapLauncher.java:141) ~[bootstraplauncher-1.1.2.jar:?]
[21out.2023 18:56:17.845] [main/FATAL] [net.minecraftforge.server.loading.ServerModLoader/]: Crash report saved to .\crash-reports\crash-2023-10-21_18.56.17-fml.txt
[21out.2023 18:56:17.853] [main/ERROR] [net.minecraft.server.Main/FATAL]: Failed to start the minecraft server
net.minecraftforge.fml.LoadingFailedException: Loading errors encountered: [
	Mod File Chunk+Pregenerator-1.20.2-4.2.3.jar needs language provider javafml:48 or above to load
ยง7We have found 47
]
	at net.minecraftforge.fml.ModLoader.gatherAndInitializeMods(ModLoader.java:149) ~[fmlcore-1.20.1-47.1.3.jar%23551!/:?]
	at net.minecraftforge.server.loading.ServerModLoader.load(ServerModLoader.java:32) ~[forge-1.20.1-47.1.3-universal.jar%23555!/:?]
	at net.minecraft.server.Main.main(Main.java:125) ~[server-1.20.1-20230612.114412-srg.jar%23550!/:?]
	at jdk.internal.reflect.DirectMethodHandleAccessor.invoke(DirectMethodHandleAccessor.java:104) ~[?:?]
	at java.lang.reflect.Method.invoke(Method.java:577) ~[?:?]
	at net.minecraftforge.fml.loading.targets.CommonLaunchHandler.runTarget(CommonLaunchHandler.java:111) ~[fmlloader-1.20.1-47.1.3.jar%2369!/:?]
	at net.minecraftforge.fml.loading.targets.CommonLaunchHandler.serverService(CommonLaunchHandler.java:103) ~[fmlloader-1.20.1-47.1.3.jar%2369!/:?]
	at net.minecraftforge.fml.loading.targets.CommonServerLaunchHandler.lambda$makeService$0(CommonServerLaunchHandler.java:27) ~[fmlloader-1.20.1-47.1.3.jar%2369!/:?]
	at cpw.mods.modlauncher.LaunchServiceHandlerDecorator.launch(LaunchServiceHandlerDecorator.java:30) ~[modlauncher-10.0.9.jar%2355!/:?]
	at cpw.mods.modlauncher.LaunchServiceHandler.launch(LaunchServiceHandler.java:53) ~[modlauncher-10.0.9.jar%2355!/:?]
	at cpw.mods.modlauncher.LaunchServiceHandler.launch(LaunchServiceHandler.java:71) ~[modlauncher-10.0.9.jar%2355!/:?]
	at cpw.mods.modlauncher.Launcher.run(Launcher.java:108) ~[modlauncher-10.0.9.jar%2355!/:?]
	at cpw.mods.modlauncher.Launcher.main(Launcher.java:78) ~[modlauncher-10.0.9.jar%2355!/:?]
	at cpw.mods.modlauncher.BootstrapLaunchConsumer.accept(BootstrapLaunchConsumer.java:26) ~[modlauncher-10.0.9.jar%2355!/:?]
	at cpw.mods.modlauncher.BootstrapLaunchConsumer.accept(BootstrapLaunchConsumer.java:23) ~[modlauncher-10.0.9.jar%2355!/:?]
	at cpw.mods.bootstraplauncher.BootstrapLauncher.main(BootstrapLauncher.java:141) ~[bootstraplauncher-1.1.2.jar:?]
